<?xml version="1.0" encoding="UTF-8"?>
<testsuites>
  <testsuite name="tests" tests="19" assertions="17" failures="0" errors="2" time="2.796022">
    <testsuite name="SeleniumTests2" file="C:\xampp\htdocs\phpTest\tests\SeleniumTests\SeleniumTest.php" tests="2" assertions="0" failures="0" errors="2" time="2.525478">
      <testsuite name="SeleniumTests2: chrome" tests="2" assertions="0" failures="0" errors="2" time="2.525478">
        <testcase name="testSearch1" class="SeleniumTests2" file="C:\xampp\htdocs\phpTest\tests\SeleniumTests\SeleniumTest.php" line="32" assertions="0" time="1.018668">
          <error type="PHPUnit_Framework_ExceptionWrapper">SeleniumTests2::testSearch1
PHPUnit_Extensions_Selenium2TestCase_WebDriverException: &lt;unknown&gt;: Failed to set the 'cookie' property on 'Document': Cookies are disabled inside 'data:' URLs.
  (Session info: chrome=44.0.2403.157)
  (Driver info: chromedriver=2.16.333243 (0bfa1d3575fc1044244f21ddb82bf870944ef961),platform=Windows NT 10.0 x86_64) (WARNING: The server did not provide any stacktrace information)
Command duration or timeout: 6 milliseconds
Build info: version: '2.47.1', revision: '411b314', time: '2015-07-30 03:03:16'
System info: host: '2500k-PC', ip: '192.168.0.14', os.name: 'Windows 8.1', os.arch: 'x86', os.version: '6.3', java.version: '1.8.0_51'
Driver info: org.openqa.selenium.chrome.ChromeDriver
Capabilities [{applicationCacheEnabled=false, rotatable=false, mobileEmulationEnabled=false, chrome={userDataDir=C:\Users\2600k\AppData\Local\Temp\scoped_dir3640_32248}, takesHeapSnapshot=true, databaseEnabled=false, handlesAlerts=true, hasTouchScreen=false, version=44.0.2403.157, platform=WIN8_1, browserConnectionEnabled=false, nativeEvents=true, acceptSslCerts=true, locationContextEnabled=true, webStorageEnabled=true, browserName=chrome, takesScreenshot=true, javascriptEnabled=true, cssSelectorsEnabled=true}]
Session ID: 30902e4c9a37afdbcd2c04a7cf8987ee&#13;
org.openqa.selenium.WebDriverException

</error>
        </testcase>
        <testcase name="testLogin" class="SeleniumTests2" file="C:\xampp\htdocs\phpTest\tests\SeleniumTests\SeleniumTest.php" line="43" assertions="0" time="1.506810">
          <error type="PHPUnit_Framework_ExceptionWrapper">SeleniumTests2::testLogin
PHPUnit_Extensions_Selenium2TestCase_WebDriverException: &lt;unknown&gt;: Failed to set the 'cookie' property on 'Document': Cookies are disabled inside 'data:' URLs.
  (Session info: chrome=44.0.2403.157)
  (Driver info: chromedriver=2.16.333243 (0bfa1d3575fc1044244f21ddb82bf870944ef961),platform=Windows NT 10.0 x86_64) (WARNING: The server did not provide any stacktrace information)
Command duration or timeout: 6 milliseconds
Build info: version: '2.47.1', revision: '411b314', time: '2015-07-30 03:03:16'
System info: host: '2500k-PC', ip: '192.168.0.14', os.name: 'Windows 8.1', os.arch: 'x86', os.version: '6.3', java.version: '1.8.0_51'
Driver info: org.openqa.selenium.chrome.ChromeDriver
Capabilities [{applicationCacheEnabled=false, rotatable=false, mobileEmulationEnabled=false, chrome={userDataDir=C:\Users\2600k\AppData\Local\Temp\scoped_dir5964_22528}, takesHeapSnapshot=true, databaseEnabled=false, handlesAlerts=true, hasTouchScreen=false, version=44.0.2403.157, platform=WIN8_1, browserConnectionEnabled=false, nativeEvents=true, acceptSslCerts=true, locationContextEnabled=true, webStorageEnabled=true, browserName=chrome, takesScreenshot=true, javascriptEnabled=true, cssSelectorsEnabled=true}]
Session ID: 6f8e470fdc4d0a30cafd3a0b08970f49&#13;
org.openqa.selenium.WebDriverException

</error>
        </testcase>
      </testsuite>
    </testsuite>
    <testsuite name="mySpace\MyClassDoubleTest" file="C:\xampp\htdocs\phpTest\tests\UnitTests\MyClassDoubleTest.php" tests="3" assertions="3" failures="0" errors="0" time="0.047954">
      <testcase name="testDoubleWithTwoPositiveNumbers" class="mySpace\MyClassDoubleTest" file="C:\xampp\htdocs\phpTest\tests\UnitTests\MyClassDoubleTest.php" line="20" assertions="1" time="0.015844"/>
      <testcase name="testDouble0" class="mySpace\MyClassDoubleTest" file="C:\xampp\htdocs\phpTest\tests\UnitTests\MyClassDoubleTest.php" line="30" assertions="1" time="0.015797"/>
      <testcase name="testDoubleNegative" class="mySpace\MyClassDoubleTest" file="C:\xampp\htdocs\phpTest\tests\UnitTests\MyClassDoubleTest.php" line="40" assertions="1" time="0.016313"/>
    </testsuite>
    <testsuite name="mySpace\MyClassMultiplyTest" file="C:\xampp\htdocs\phpTest\tests\UnitTests\MyClassMultiplyTest.php" tests="4" assertions="4" failures="0" errors="0" time="0.063839">
      <testcase name="testMultiplyPositiveWithPositive" class="mySpace\MyClassMultiplyTest" file="C:\xampp\htdocs\phpTest\tests\UnitTests\MyClassMultiplyTest.php" line="20" assertions="1" time="0.015799"/>
      <testcase name="testMultiplyPositiveWithZero" class="mySpace\MyClassMultiplyTest" file="C:\xampp\htdocs\phpTest\tests\UnitTests\MyClassMultiplyTest.php" line="31" assertions="1" time="0.015732"/>
      <testcase name="testMultiplyZeroWithZero" class="mySpace\MyClassMultiplyTest" file="C:\xampp\htdocs\phpTest\tests\UnitTests\MyClassMultiplyTest.php" line="42" assertions="1" time="0.016419"/>
      <testcase name="testMultiplyPositiveWithNegative" class="mySpace\MyClassMultiplyTest" file="C:\xampp\htdocs\phpTest\tests\UnitTests\MyClassMultiplyTest.php" line="53" assertions="1" time="0.015889"/>
    </testsuite>
    <testsuite name="mySpace\MyClassSumTest" file="C:\xampp\htdocs\phpTest\tests\UnitTests\MyClassSumTest.php" tests="5" assertions="5" failures="0" errors="0" time="0.079356">
      <testcase name="testSum2Possitives" class="mySpace\MyClassSumTest" file="C:\xampp\htdocs\phpTest\tests\UnitTests\MyClassSumTest.php" line="20" assertions="1" time="0.016188"/>
      <testcase name="testSum0AndAPostive" class="mySpace\MyClassSumTest" file="C:\xampp\htdocs\phpTest\tests\UnitTests\MyClassSumTest.php" line="31" assertions="1" time="0.015761"/>
      <testcase name="testSumNegativeAndAPostive" class="mySpace\MyClassSumTest" file="C:\xampp\htdocs\phpTest\tests\UnitTests\MyClassSumTest.php" line="42" assertions="1" time="0.015859"/>
      <testcase name="testSum2Negatives" class="mySpace\MyClassSumTest" file="C:\xampp\htdocs\phpTest\tests\UnitTests\MyClassSumTest.php" line="53" assertions="1" time="0.015756"/>
      <testcase name="testSum2BigNumbers" class="mySpace\MyClassSumTest" file="C:\xampp\htdocs\phpTest\tests\UnitTests\MyClassSumTest.php" line="64" assertions="1" time="0.015792"/>
    </testsuite>
    <testsuite name="mySpace\MyClassTest" file="C:\xampp\htdocs\phpTest\tests\UnitTests\MyClassTest.php" tests="5" assertions="5" failures="0" errors="0" time="0.079395">
      <testcase name="testHalfPostiveEven" class="mySpace\MyClassTest" file="C:\xampp\htdocs\phpTest\tests\UnitTests\MyClassTest.php" line="22" assertions="1" time="0.015722"/>
      <testcase name="testHalf0" class="mySpace\MyClassTest" file="C:\xampp\htdocs\phpTest\tests\UnitTests\MyClassTest.php" line="33" assertions="1" time="0.015966"/>
      <testcase name="testHalfPositiveUneven" class="mySpace\MyClassTest" file="C:\xampp\htdocs\phpTest\tests\UnitTests\MyClassTest.php" line="44" assertions="1" time="0.015989"/>
      <testcase name="testHalfNegativeEven" class="mySpace\MyClassTest" file="C:\xampp\htdocs\phpTest\tests\UnitTests\MyClassTest.php" line="55" assertions="1" time="0.015944"/>
      <testcase name="testHalfNegativeUneven" class="mySpace\MyClassTest" file="C:\xampp\htdocs\phpTest\tests\UnitTests\MyClassTest.php" line="66" assertions="1" time="0.015774"/>
    </testsuite>
  </testsuite>
</testsuites>
