<?xml version="1.0" encoding="UTF-8"?>
<testsuites>
  <testsuite name="build\tests" tests="19" assertions="17" failures="0" errors="2" time="3.505874">
    <testsuite name="SeleniumTests2" file="C:\xampp\htdocs\phpTest\build\tests\SeleniumTests\SeleniumTest.php" tests="2" assertions="0" failures="0" errors="2" time="3.190631">
      <testsuite name="SeleniumTests2: chrome" tests="2" assertions="0" failures="0" errors="2" time="3.190631">
        <testcase name="testSearch1" class="SeleniumTests2" file="C:\xampp\htdocs\phpTest\build\tests\SeleniumTests\SeleniumTest.php" line="29" assertions="0" time="1.675309">
          <error type="PHPUnit_Framework_ExceptionWrapper">SeleniumTests2::testSearch1
PHPUnit_Extensions_Selenium2TestCase_WebDriverException: &lt;unknown&gt;: Failed to set the 'cookie' property on 'Document': Cookies are disabled inside 'data:' URLs.
  (Session info: chrome=44.0.2403.157)
  (Driver info: chromedriver=2.16.333243 (0bfa1d3575fc1044244f21ddb82bf870944ef961),platform=Windows NT 10.0 x86_64) (WARNING: The server did not provide any stacktrace information)
Command duration or timeout: 13 milliseconds
Build info: version: '2.47.1', revision: '411b314', time: '2015-07-30 03:03:16'
System info: host: '2500k-PC', ip: '192.168.0.14', os.name: 'Windows 8.1', os.arch: 'x86', os.version: '6.3', java.version: '1.8.0_51'
Driver info: org.openqa.selenium.chrome.ChromeDriver
Capabilities [{applicationCacheEnabled=false, rotatable=false, mobileEmulationEnabled=false, chrome={userDataDir=C:\Users\2600k\AppData\Local\Temp\scoped_dir7060_14074}, takesHeapSnapshot=true, databaseEnabled=false, handlesAlerts=true, hasTouchScreen=false, version=44.0.2403.157, platform=WIN8_1, browserConnectionEnabled=false, nativeEvents=true, acceptSslCerts=true, locationContextEnabled=true, webStorageEnabled=true, browserName=chrome, takesScreenshot=true, javascriptEnabled=true, cssSelectorsEnabled=true}]
Session ID: 627d6e04b08846657ebddd9e9fba8aaa&#13;
org.openqa.selenium.WebDriverException

</error>
        </testcase>
        <testcase name="testLogin" class="SeleniumTests2" file="C:\xampp\htdocs\phpTest\build\tests\SeleniumTests\SeleniumTest.php" line="37" assertions="0" time="1.515322">
          <error type="PHPUnit_Framework_ExceptionWrapper">SeleniumTests2::testLogin
PHPUnit_Extensions_Selenium2TestCase_WebDriverException: &lt;unknown&gt;: Failed to set the 'cookie' property on 'Document': Cookies are disabled inside 'data:' URLs.
  (Session info: chrome=44.0.2403.157)
  (Driver info: chromedriver=2.16.333243 (0bfa1d3575fc1044244f21ddb82bf870944ef961),platform=Windows NT 10.0 x86_64) (WARNING: The server did not provide any stacktrace information)
Command duration or timeout: 6 milliseconds
Build info: version: '2.47.1', revision: '411b314', time: '2015-07-30 03:03:16'
System info: host: '2500k-PC', ip: '192.168.0.14', os.name: 'Windows 8.1', os.arch: 'x86', os.version: '6.3', java.version: '1.8.0_51'
Driver info: org.openqa.selenium.chrome.ChromeDriver
Capabilities [{applicationCacheEnabled=false, rotatable=false, mobileEmulationEnabled=false, chrome={userDataDir=C:\Users\2600k\AppData\Local\Temp\scoped_dir2620_17229}, takesHeapSnapshot=true, databaseEnabled=false, handlesAlerts=true, hasTouchScreen=false, version=44.0.2403.157, platform=WIN8_1, browserConnectionEnabled=false, nativeEvents=true, acceptSslCerts=true, locationContextEnabled=true, webStorageEnabled=true, browserName=chrome, takesScreenshot=true, javascriptEnabled=true, cssSelectorsEnabled=true}]
Session ID: 217d26c9092cf3e27deb4fb015d86647&#13;
org.openqa.selenium.WebDriverException

</error>
        </testcase>
      </testsuite>
    </testsuite>
    <testsuite name="mySpace\MyClassDoubleTest" file="C:\xampp\htdocs\phpTest\build\tests\UnitTests\MyClassDoubleTest.php" tests="3" assertions="3" failures="0" errors="0" time="0.062924">
      <testcase name="testDoubleWithTwoPositiveNumbers" class="mySpace\MyClassDoubleTest" file="C:\xampp\htdocs\phpTest\build\tests\UnitTests\MyClassDoubleTest.php" line="16" assertions="1" time="0.023180"/>
      <testcase name="testDouble0" class="mySpace\MyClassDoubleTest" file="C:\xampp\htdocs\phpTest\build\tests\UnitTests\MyClassDoubleTest.php" line="23" assertions="1" time="0.018959"/>
      <testcase name="testDoubleNegative" class="mySpace\MyClassDoubleTest" file="C:\xampp\htdocs\phpTest\build\tests\UnitTests\MyClassDoubleTest.php" line="30" assertions="1" time="0.020785"/>
    </testsuite>
    <testsuite name="mySpace\MyClassMultiplyTest" file="C:\xampp\htdocs\phpTest\build\tests\UnitTests\MyClassMultiplyTest.php" tests="4" assertions="4" failures="0" errors="0" time="0.071886">
      <testcase name="testMultiplyPositiveWithPositive" class="mySpace\MyClassMultiplyTest" file="C:\xampp\htdocs\phpTest\build\tests\UnitTests\MyClassMultiplyTest.php" line="16" assertions="1" time="0.017093"/>
      <testcase name="testMultiplyPositiveWithZero" class="mySpace\MyClassMultiplyTest" file="C:\xampp\htdocs\phpTest\build\tests\UnitTests\MyClassMultiplyTest.php" line="24" assertions="1" time="0.019032"/>
      <testcase name="testMultiplyZeroWithZero" class="mySpace\MyClassMultiplyTest" file="C:\xampp\htdocs\phpTest\build\tests\UnitTests\MyClassMultiplyTest.php" line="32" assertions="1" time="0.018555"/>
      <testcase name="testMultiplyPositiveWithNegative" class="mySpace\MyClassMultiplyTest" file="C:\xampp\htdocs\phpTest\build\tests\UnitTests\MyClassMultiplyTest.php" line="40" assertions="1" time="0.017206"/>
    </testsuite>
    <testsuite name="mySpace\MyClassSumTest" file="C:\xampp\htdocs\phpTest\build\tests\UnitTests\MyClassSumTest.php" tests="5" assertions="5" failures="0" errors="0" time="0.101229">
      <testcase name="testSum2Possitives" class="mySpace\MyClassSumTest" file="C:\xampp\htdocs\phpTest\build\tests\UnitTests\MyClassSumTest.php" line="16" assertions="1" time="0.016841"/>
      <testcase name="testSum0AndAPostive" class="mySpace\MyClassSumTest" file="C:\xampp\htdocs\phpTest\build\tests\UnitTests\MyClassSumTest.php" line="24" assertions="1" time="0.021210"/>
      <testcase name="testSumNegativeAndAPostive" class="mySpace\MyClassSumTest" file="C:\xampp\htdocs\phpTest\build\tests\UnitTests\MyClassSumTest.php" line="32" assertions="1" time="0.021522"/>
      <testcase name="testSum2Negatives" class="mySpace\MyClassSumTest" file="C:\xampp\htdocs\phpTest\build\tests\UnitTests\MyClassSumTest.php" line="40" assertions="1" time="0.016420"/>
      <testcase name="testSum2BigNumbers" class="mySpace\MyClassSumTest" file="C:\xampp\htdocs\phpTest\build\tests\UnitTests\MyClassSumTest.php" line="48" assertions="1" time="0.025236"/>
    </testsuite>
    <testsuite name="mySpace\MyClassTest" file="C:\xampp\htdocs\phpTest\build\tests\UnitTests\MyClassTest.php" tests="5" assertions="5" failures="0" errors="0" time="0.079204">
      <testcase name="testHalfPostiveEven" class="mySpace\MyClassTest" file="C:\xampp\htdocs\phpTest\build\tests\UnitTests\MyClassTest.php" line="17" assertions="1" time="0.015728"/>
      <testcase name="testHalf0" class="mySpace\MyClassTest" file="C:\xampp\htdocs\phpTest\build\tests\UnitTests\MyClassTest.php" line="25" assertions="1" time="0.015712"/>
      <testcase name="testHalfPositiveUneven" class="mySpace\MyClassTest" file="C:\xampp\htdocs\phpTest\build\tests\UnitTests\MyClassTest.php" line="33" assertions="1" time="0.015948"/>
      <testcase name="testHalfNegativeEven" class="mySpace\MyClassTest" file="C:\xampp\htdocs\phpTest\build\tests\UnitTests\MyClassTest.php" line="41" assertions="1" time="0.016007"/>
      <testcase name="testHalfNegativeUneven" class="mySpace\MyClassTest" file="C:\xampp\htdocs\phpTest\build\tests\UnitTests\MyClassTest.php" line="49" assertions="1" time="0.015809"/>
    </testsuite>
  </testsuite>
</testsuites>
