<?xml version="1.0" encoding="UTF-8"?>
<testsuites>
  <testsuite name="phpTest" tests="17" assertions="17" failures="0" errors="0" time="0.283615">
    <testsuite name="mySpace\MyClassDoubleTest" file="C:\xampp\htdocs\phpTest\build\tests\UnitTests\MyClassDoubleTest.php" tests="3" assertions="3" failures="0" errors="0" time="0.051802">
      <testcase name="testDoubleWithTwoPositiveNumbers" class="mySpace\MyClassDoubleTest" file="C:\xampp\htdocs\phpTest\build\tests\UnitTests\MyClassDoubleTest.php" line="20" assertions="1" time="0.018117"/>
      <testcase name="testDouble0" class="mySpace\MyClassDoubleTest" file="C:\xampp\htdocs\phpTest\build\tests\UnitTests\MyClassDoubleTest.php" line="30" assertions="1" time="0.017024"/>
      <testcase name="testDoubleNegative" class="mySpace\MyClassDoubleTest" file="C:\xampp\htdocs\phpTest\build\tests\UnitTests\MyClassDoubleTest.php" line="40" assertions="1" time="0.016661"/>
    </testsuite>
    <testsuite name="mySpace\MyClassMultiplyTest" file="C:\xampp\htdocs\phpTest\build\tests\UnitTests\MyClassMultiplyTest.php" tests="4" assertions="4" failures="0" errors="0" time="0.066844">
      <testcase name="testMultiplyPositiveWithPositive" class="mySpace\MyClassMultiplyTest" file="C:\xampp\htdocs\phpTest\build\tests\UnitTests\MyClassMultiplyTest.php" line="20" assertions="1" time="0.016775"/>
      <testcase name="testMultiplyPositiveWithZero" class="mySpace\MyClassMultiplyTest" file="C:\xampp\htdocs\phpTest\build\tests\UnitTests\MyClassMultiplyTest.php" line="31" assertions="1" time="0.017026"/>
      <testcase name="testMultiplyZeroWithZero" class="mySpace\MyClassMultiplyTest" file="C:\xampp\htdocs\phpTest\build\tests\UnitTests\MyClassMultiplyTest.php" line="42" assertions="1" time="0.016427"/>
      <testcase name="testMultiplyPositiveWithNegative" class="mySpace\MyClassMultiplyTest" file="C:\xampp\htdocs\phpTest\build\tests\UnitTests\MyClassMultiplyTest.php" line="53" assertions="1" time="0.016616"/>
    </testsuite>
    <testsuite name="mySpace\MyClassSumTest" file="C:\xampp\htdocs\phpTest\build\tests\UnitTests\MyClassSumTest.php" tests="5" assertions="5" failures="0" errors="0" time="0.084254">
      <testcase name="testSum2Possitives" class="mySpace\MyClassSumTest" file="C:\xampp\htdocs\phpTest\build\tests\UnitTests\MyClassSumTest.php" line="20" assertions="1" time="0.016868"/>
      <testcase name="testSum0AndAPostive" class="mySpace\MyClassSumTest" file="C:\xampp\htdocs\phpTest\build\tests\UnitTests\MyClassSumTest.php" line="31" assertions="1" time="0.016344"/>
      <testcase name="testSumNegativeAndAPostive" class="mySpace\MyClassSumTest" file="C:\xampp\htdocs\phpTest\build\tests\UnitTests\MyClassSumTest.php" line="42" assertions="1" time="0.016252"/>
      <testcase name="testSum2Negatives" class="mySpace\MyClassSumTest" file="C:\xampp\htdocs\phpTest\build\tests\UnitTests\MyClassSumTest.php" line="53" assertions="1" time="0.016164"/>
      <testcase name="testSum2BigNumbers" class="mySpace\MyClassSumTest" file="C:\xampp\htdocs\phpTest\build\tests\UnitTests\MyClassSumTest.php" line="64" assertions="1" time="0.018626"/>
    </testsuite>
    <testsuite name="mySpace\MyClassTest" file="C:\xampp\htdocs\phpTest\build\tests\UnitTests\MyClassTest.php" tests="5" assertions="5" failures="0" errors="0" time="0.080714">
      <testcase name="testHalfPostiveEven" class="mySpace\MyClassTest" file="C:\xampp\htdocs\phpTest\build\tests\UnitTests\MyClassTest.php" line="21" assertions="1" time="0.016404"/>
      <testcase name="testHalf0" class="mySpace\MyClassTest" file="C:\xampp\htdocs\phpTest\build\tests\UnitTests\MyClassTest.php" line="32" assertions="1" time="0.016057"/>
      <testcase name="testHalfPositiveUneven" class="mySpace\MyClassTest" file="C:\xampp\htdocs\phpTest\build\tests\UnitTests\MyClassTest.php" line="43" assertions="1" time="0.016229"/>
      <testcase name="testHalfNegativeEven" class="mySpace\MyClassTest" file="C:\xampp\htdocs\phpTest\build\tests\UnitTests\MyClassTest.php" line="54" assertions="1" time="0.016130"/>
      <testcase name="testHalfNegativeUneven" class="mySpace\MyClassTest" file="C:\xampp\htdocs\phpTest\build\tests\UnitTests\MyClassTest.php" line="65" assertions="1" time="0.015895"/>
    </testsuite>
  </testsuite>
</testsuites>
