<?xml version="1.0" encoding="UTF-8"?>
<testsuites>
  <testsuite name="tests" tests="19" assertions="19" failures="0" errors="0" time="19.451867">
    <testsuite name="SeleniumTests2" file="C:\xampp\htdocs\phpTest\build\tests\SeleniumTests\SeleniumTest.php" tests="2" assertions="2" failures="0" errors="0" time="19.167007">
      <testsuite name="SeleniumTests2: internet explorer" tests="2" assertions="2" failures="0" errors="0" time="19.167007">
        <testcase name="testSearch1" class="SeleniumTests2" file="C:\xampp\htdocs\phpTest\build\tests\SeleniumTests\SeleniumTest.php" line="32" assertions="1" time="6.342915"/>
        <testcase name="testLogin" class="SeleniumTests2" file="C:\xampp\htdocs\phpTest\build\tests\SeleniumTests\SeleniumTest.php" line="43" assertions="1" time="12.824092"/>
      </testsuite>
    </testsuite>
    <testsuite name="mySpace\MyClassDoubleTest" file="C:\xampp\htdocs\phpTest\build\tests\UnitTests\MyClassDoubleTest.php" tests="3" assertions="3" failures="0" errors="0" time="0.050863">
      <testcase name="testDoubleWithTwoPositiveNumbers" class="mySpace\MyClassDoubleTest" file="C:\xampp\htdocs\phpTest\build\tests\UnitTests\MyClassDoubleTest.php" line="16" assertions="1" time="0.015846"/>
      <testcase name="testDouble0" class="mySpace\MyClassDoubleTest" file="C:\xampp\htdocs\phpTest\build\tests\UnitTests\MyClassDoubleTest.php" line="23" assertions="1" time="0.016151"/>
      <testcase name="testDoubleNegative" class="mySpace\MyClassDoubleTest" file="C:\xampp\htdocs\phpTest\build\tests\UnitTests\MyClassDoubleTest.php" line="30" assertions="1" time="0.018866"/>
    </testsuite>
    <testsuite name="mySpace\MyClassMultiplyTest" file="C:\xampp\htdocs\phpTest\build\tests\UnitTests\MyClassMultiplyTest.php" tests="4" assertions="4" failures="0" errors="0" time="0.065599">
      <testcase name="testMultiplyPositiveWithPositive" class="mySpace\MyClassMultiplyTest" file="C:\xampp\htdocs\phpTest\build\tests\UnitTests\MyClassMultiplyTest.php" line="16" assertions="1" time="0.015951"/>
      <testcase name="testMultiplyPositiveWithZero" class="mySpace\MyClassMultiplyTest" file="C:\xampp\htdocs\phpTest\build\tests\UnitTests\MyClassMultiplyTest.php" line="24" assertions="1" time="0.016302"/>
      <testcase name="testMultiplyZeroWithZero" class="mySpace\MyClassMultiplyTest" file="C:\xampp\htdocs\phpTest\build\tests\UnitTests\MyClassMultiplyTest.php" line="32" assertions="1" time="0.015932"/>
      <testcase name="testMultiplyPositiveWithNegative" class="mySpace\MyClassMultiplyTest" file="C:\xampp\htdocs\phpTest\build\tests\UnitTests\MyClassMultiplyTest.php" line="40" assertions="1" time="0.017414"/>
    </testsuite>
    <testsuite name="mySpace\MyClassSumTest" file="C:\xampp\htdocs\phpTest\build\tests\UnitTests\MyClassSumTest.php" tests="5" assertions="5" failures="0" errors="0" time="0.079823">
      <testcase name="testSum2Possitives" class="mySpace\MyClassSumTest" file="C:\xampp\htdocs\phpTest\build\tests\UnitTests\MyClassSumTest.php" line="16" assertions="1" time="0.015853"/>
      <testcase name="testSum0AndAPostive" class="mySpace\MyClassSumTest" file="C:\xampp\htdocs\phpTest\build\tests\UnitTests\MyClassSumTest.php" line="24" assertions="1" time="0.016049"/>
      <testcase name="testSumNegativeAndAPostive" class="mySpace\MyClassSumTest" file="C:\xampp\htdocs\phpTest\build\tests\UnitTests\MyClassSumTest.php" line="32" assertions="1" time="0.015907"/>
      <testcase name="testSum2Negatives" class="mySpace\MyClassSumTest" file="C:\xampp\htdocs\phpTest\build\tests\UnitTests\MyClassSumTest.php" line="40" assertions="1" time="0.016029"/>
      <testcase name="testSum2BigNumbers" class="mySpace\MyClassSumTest" file="C:\xampp\htdocs\phpTest\build\tests\UnitTests\MyClassSumTest.php" line="48" assertions="1" time="0.015985"/>
    </testsuite>
    <testsuite name="mySpace\MyClassTest" file="C:\xampp\htdocs\phpTest\build\tests\UnitTests\MyClassTest.php" tests="5" assertions="5" failures="0" errors="0" time="0.088575">
      <testcase name="testHalfPostiveEven" class="mySpace\MyClassTest" file="C:\xampp\htdocs\phpTest\build\tests\UnitTests\MyClassTest.php" line="17" assertions="1" time="0.019203"/>
      <testcase name="testHalf0" class="mySpace\MyClassTest" file="C:\xampp\htdocs\phpTest\build\tests\UnitTests\MyClassTest.php" line="25" assertions="1" time="0.015899"/>
      <testcase name="testHalfPositiveUneven" class="mySpace\MyClassTest" file="C:\xampp\htdocs\phpTest\build\tests\UnitTests\MyClassTest.php" line="33" assertions="1" time="0.016536"/>
      <testcase name="testHalfNegativeEven" class="mySpace\MyClassTest" file="C:\xampp\htdocs\phpTest\build\tests\UnitTests\MyClassTest.php" line="41" assertions="1" time="0.016753"/>
      <testcase name="testHalfNegativeUneven" class="mySpace\MyClassTest" file="C:\xampp\htdocs\phpTest\build\tests\UnitTests\MyClassTest.php" line="49" assertions="1" time="0.020184"/>
    </testsuite>
  </testsuite>
</testsuites>
